<?xml version="1.0" encoding="UTF-8"?>
<testsuite xmlns:xsi="http://www.w3.org/2001/XMLSchema-instance" xsi:noNamespaceSchemaLocation="https://maven.apache.org/surefire/maven-surefire-plugin/xsd/surefire-test-report.xsd" name="CourierTest" time="15.743" tests="9" errors="0" skipped="0" failures="1">
  <properties>
[...]
</properties>
  <testcase name="courierCantBeCreatedWithoutPassword" classname="CourierTest" time="4.971"/>
  <testcase name="courierCantLogInWithWrongPassword" classname="CourierTest" time="1.166"/>
  <testcase name="courierCanBeCreatedWithValidData" classname="CourierTest" time="1.315"/>
  <testcase name="courierCantLogInWithNonExistentLogin" classname="CourierTest" time="1.235"/>
  <testcase name="courierCanBeCreatedAndLogInWithValidData" classname="CourierTest" time="1.177"/>
  <testcase name="courierCantBeCreatedWithSimilarData" classname="CourierTest" time="1.486">
    <failure message="1 expectation failed.&#10;JSON path message doesn&apos;t match.&#10;Expected: is &quot;Этот логин уже используется&quot;&#10;  Actual: Этот логин уже используется. Попробуйте другой.&#10;" type="java.lang.AssertionError">java.lang.AssertionError: 
1 expectation failed.
JSON path message doesn't match.
Expected: is "Этот логин уже используется"
  Actual: Этот логин уже используется. Попробуйте другой.

	at CourierTest.courierCantBeCreatedWithSimilarData(CourierTest.java:83)
</failure>
    <system-out><![CDATA[Request method:	POST
Request URI:	https://qa-scooter.praktikum-services.ru/api/v1/courier/
Proxy:			<none>
Request params:	<none>
Query params:	<none>
Form params:	<none>
Path params:	<none>
Headers:		Accept=*/*
				Content-Type=application/json
Cookies:		<none>
Multiparts:		<none>
Body:
{
    "login": "KkmvjfisLx",
    "password": "rrgvZytuvl",
    "firstName": "CXKVUUkcKw"
}
HTTP/1.1 201 Created
Access-Control-Allow-Origin: *
Content-Length: 11
Content-Type: application/json; charset=utf-8
Date: Sat, 15 Apr 2023 01:42:29 GMT
ETag: W/"b-Ai2R8hgEarLmHKwesT1qcY913ys"
Set-Cookie: _yasc=XfaiUpWFGTFUv3mEpIMx1qd2LxUVvYDQTxZwKBPEB6xYJR1lUMgYbPJkFKA=; domain=.praktikum-services.ru; path=/; expires=Tue, 12-Apr-2033 01:42:29 GMT; secure
X-Powered-By: Express
X-Request-Id: 1681522949470744-11153071955051550823

{
    "ok": true
}
Request method:	POST
Request URI:	https://qa-scooter.praktikum-services.ru/api/v1/courier/
Proxy:			<none>
Request params:	<none>
Query params:	<none>
Form params:	<none>
Path params:	<none>
Headers:		Accept=*/*
				Content-Type=application/json
Cookies:		<none>
Multiparts:		<none>
Body:
{
    "login": "KkmvjfisLx",
    "password": "rrgvZytuvl",
    "firstName": "CXKVUUkcKw"
}
HTTP/1.1 409 Conflict
Access-Control-Allow-Origin: *
Content-Length: 112
Content-Type: application/json; charset=utf-8
Date: Sat, 15 Apr 2023 01:42:29 GMT
ETag: W/"70-sLG1ZktNk+Ab3iaKUMwxkdL4FJo"
Set-Cookie: _yasc=+WT3qwZdYEcjMjAzEPMejZjXjDsElzkUoGiuriHL1XZ9sGeuS7X3yBZ1pgXn; domain=.praktikum-services.ru; path=/; expires=Tue, 12-Apr-2033 01:42:29 GMT; secure
X-Powered-By: Express
X-Request-Id: 1681522949877998-11164878271132309431

{
    "code": 409,
    "message": "Этот логин уже используется. Попробуйте другой."
}
Request method:	DELETE
Request URI:	https://qa-scooter.praktikum-services.ru/api/v1/courier/0
Proxy:			<none>
Request params:	<none>
Query params:	<none>
Form params:	<none>
Path params:	<none>
Headers:		Accept=*/*
				Content-Type=application/json
Cookies:		<none>
Multiparts:		<none>
Body:			<none>
HTTP/1.1 404 Not Found
Access-Control-Allow-Origin: *
Content-Length: 64
Content-Type: application/json; charset=utf-8
Date: Sat, 15 Apr 2023 01:42:30 GMT
ETag: W/"40-tLkp/o3TzLGA5pEmOZ4MEpfo3Lo"
Set-Cookie: _yasc=o0y/gfD7Fdm2i5M0pKDnNPXdZYKND3lzZ2tqpcOx531FLUDKlyMOHzwKs+k=; domain=.praktikum-services.ru; path=/; expires=Tue, 12-Apr-2033 01:42:30 GMT; secure
X-Powered-By: Express
X-Request-Id: 1681522950594642-9192953101794180622

{
    "code": 404,
    "message": "Курьера с таким id нет."
}
]]></system-out>
  </testcase>
  <testcase name="courierCantLogInWithoutLogin" classname="CourierTest" time="1.179"/>
  <testcase name="courierCantLogInWithoutPassword" classname="CourierTest" time="1.16"/>
  <testcase name="courierCantBeCreatedWithoutLogin" classname="CourierTest" time="0.786"/>
</testsuite>